The target system is: Generic - 3.2.99 - arm
The host system is: Windows - 10.0.19044 - AMD64
Compiling the C compiler identification source file "CMakeCCompilerId.c" succeeded.
Compiler: C:/nordicsemi/toolchains/v2.3.0/opt/zephyr-sdk/arm-zephyr-eabi/bin/arm-zephyr-eabi-gcc.exe 
Build flags: 
Id flags: -c 

The output was:
0


Compilation of the C compiler identification source "CMakeCCompilerId.c" produced "CMakeCCompilerId.o"

The C compiler identification is GNU, found in "C:/nordic/myapps/Hovedprosjekt-test/nrf_dm/build_dm/hci_rpmsg/CMakeFiles/3.20.5/CompilerIdC/CMakeCCompilerId.o"

Compiling the CXX compiler identification source file "CMakeCXXCompilerId.cpp" succeeded.
Compiler: C:/nordicsemi/toolchains/v2.3.0/opt/zephyr-sdk/arm-zephyr-eabi/bin/arm-zephyr-eabi-gcc.exe 
Build flags: 
Id flags: -c 

The output was:
0


Compilation of the CXX compiler identification source "CMakeCXXCompilerId.cpp" produced "CMakeCXXCompilerId.o"

The CXX compiler identification is GNU, found in "C:/nordic/myapps/Hovedprosjekt-test/nrf_dm/build_dm/hci_rpmsg/CMakeFiles/3.20.5/CompilerIdCXX/CMakeCXXCompilerId.o"

Checking whether the ASM compiler is GNU using "--version" matched "(GNU assembler)|(GCC)|(Free Software Foundation)":
arm-zephyr-eabi-gcc.exe (Zephyr SDK 0.15.2) 12.1.0
Copyright (C) 2022 Free Software Foundation, Inc.
This is free software; see the source for copying conditions.  There is NO
warranty; not even for MERCHANTABILITY or FITNESS FOR A PARTICULAR PURPOSE.

Determining if files stdatomic.h exist passed with the following output:
Change Dir: C:/nordic/myapps/Hovedprosjekt-test/nrf_dm/build_dm/hci_rpmsg/CMakeFiles/CMakeTmp

Run Build Command(s):C:/nordicsemi/toolchains/v2.3.0/opt/bin/ninja.exe cmTC_94e83 && [1/2] Building C object CMakeFiles/cmTC_94e83.dir/HAVE_STDATOMIC_H.c.obj
[2/2] Linking C executable cmTC_94e83
arm-zephyr-eabi-gcc.exe: warning: CMakeFiles/cmTC_94e83.dir/HAVE_STDATOMIC_H.c.obj: linker input file unused because linking not done



Determining if files fcntl.h exist passed with the following output:
Change Dir: C:/nordic/myapps/Hovedprosjekt-test/nrf_dm/build_dm/hci_rpmsg/CMakeFiles/CMakeTmp

Run Build Command(s):C:/nordicsemi/toolchains/v2.3.0/opt/bin/ninja.exe cmTC_22cde && [1/2] Building C object CMakeFiles/cmTC_22cde.dir/HAVE_FCNTL_H.c.obj
[2/2] Linking C executable cmTC_22cde
arm-zephyr-eabi-gcc.exe: warning: CMakeFiles/cmTC_22cde.dir/HAVE_FCNTL_H.c.obj: linker input file unused because linking not done



